22-03-03 18:55:04 Update Outdated (by Addin) for Msg.xlsb: 
22-03-03 18:55:04 -----------------------------------------
22-03-03 18:55:04 Standard-Module    mBasic .......: Used Common Component up-to-date
22-03-03 18:55:04 Standard-Module    mCompManClient: Used Common Component up-to-date
22-03-03 18:55:04 Standard-Module    mDct .........: Used Common Component up-to-date
22-03-03 18:55:04 Standard-Module    mErH .........: Used Common Component up-to-date
22-03-03 18:55:04 Standard-Module    mTrc .........: Used Common Component up-to-date
22-03-03 19:03:18 ========================================
22-03-03 19:03:18 Export Changed (by Addin) for Msg.xlsb: 
22-03-03 19:03:18 ----------------------------------------
22-03-03 19:03:18 UserForm           fMsg .........: Hosted Raw Common Component code modified
22-03-03 19:03:18                                    Hosted Raw Common Component code modified
22-03-03 19:03:18                                    Exported, Revision Number increased, Export File copied to 'Common Components Folder'
22-03-03 19:03:18 UserForm           fMsgProcTest .: Other component unchanged
22-03-03 19:03:19 Standard-Module    mBasic .......: Used Common Component code unchanged
22-03-03 19:03:19 Standard-Module    mCompManClient: Used Common Component code unchanged
22-03-03 19:03:19 Standard-Module    mDct .........: Used Common Component code unchanged
22-03-03 19:03:19 Standard-Module    mErH .........: Used Common Component code unchanged
22-03-03 19:03:19 Standard-Module    mExamples ....: Other component unchanged
22-03-03 19:03:19 Standard-Module    mObject ......: Other component unchanged
22-03-03 19:03:19 Standard-Module    mTestDemos ...: Other component unchanged
22-03-03 19:03:19 Standard-Module    mTestProcs ...: Other component unchanged
22-03-03 19:03:19 Standard-Module    mTestServices : Other component unchanged
22-03-03 19:03:19 Standard-Module    mTrc .........: Used Common Component code unchanged
22-03-03 19:03:19 Workbook           wbMsg ........: Other component unchanged
22-03-03 19:03:19 Worksheet CodeName wsTest .......: Other component unchanged
