22-05-04 22:11:11 Export Changed (by CompMan.xlsb) for RunViaButton.xlsm: 
22-05-04 22:11:11 --------------------------------------------------------
22-05-04 22:11:11 UserForm           fMsg .........: Modified Used Common Component exported (due revert allert registered!)
22-05-04 22:11:11 UserForm           fRunViaButton : Modified code exported
22-05-04 22:11:12 Standard-Module    mCompManClient: Modified Used Common Component exported (due revert allert registered!)
22-05-04 22:11:12 Standard-Module    mMsg .........: Modified Used Common Component exported (due revert allert registered!)
22-05-04 22:11:12 Standard-Module    mMsgUsageDemos: Modified code exported
22-05-04 22:11:12 Standard-Module    mRunViaButton : Modified code exported
22-05-04 22:11:12 Workbook           wbMsgUsageDemo: Modified code exported
22-05-04 22:11:12 Worksheet CodeName wsMsgUsageDemo: Modified code exported
22-05-04 22:22:24 ========================================================
22-05-04 22:22:24 Export Changed (by CompMan.xlsb) for RunViaButton.xlsm: 
22-05-04 22:22:24 --------------------------------------------------------
22-05-04 22:22:24 UserForm           fMsg .........: Unchanged Used Common Component
22-05-04 22:22:24 UserForm           fRunViaButton : Modified code exported
22-05-04 22:22:24 Standard-Module    mCompManClient: Unchanged Used Common Component
22-05-04 22:22:25 Standard-Module    mMsg .........: Unchanged Used Common Component
22-05-04 22:22:25 Standard-Module    mMsgUsageDemos: Unchanged component
22-05-04 22:22:25 Standard-Module    mRunViaButton : Modified code exported
22-05-04 22:22:25 Workbook           wbMsgUsageDemo: Unchanged component
22-05-04 22:22:25 Worksheet CodeName wsMsgUsageDemo: Unchanged component
22-05-04 22:24:30 ========================================================
22-05-04 22:24:30 Export Changed (by CompMan.xlsb) for RunViaButton.xlsm: 
22-05-04 22:24:30 --------------------------------------------------------
22-05-04 22:24:30 Export-File obsolete (deleted because component no longer exists)
22-05-04 22:24:30 UserForm           fMsg .........: Unchanged Used Common Component
22-05-04 22:24:30 UserForm           fRunViaButton : Unchanged component
22-05-04 22:24:30 Standard-Module    mCompManClient: Unchanged Used Common Component
22-05-04 22:24:30 Standard-Module    mMsg .........: Unchanged Used Common Component
22-05-04 22:24:30 Standard-Module    mRunViaButton : Modified code exported
22-05-04 22:24:30 Workbook           wbMsgUsageDemo: Unchanged component
22-05-04 22:24:30 Worksheet CodeName wsMsgUsageDemo: Unchanged component
22-05-04 22:42:27 ========================================================
22-05-04 22:42:27 Export Changed (by CompMan.xlsb) for RunViaButton.xlsm: 
22-05-04 22:42:27 --------------------------------------------------------
22-05-04 22:42:28 Export-File obsolete (deleted because component no longer exists)
22-05-04 22:42:28 Export-File obsolete (deleted because component no longer exists)
22-05-04 22:42:28 UserForm           fMsg .........: Unchanged Used Common Component
22-05-04 22:42:28 UserForm           fRunViaButton : Modified code exported
22-05-04 22:42:28 Standard-Module    mCompManClient: Unchanged Used Common Component
22-05-04 22:42:28 Standard-Module    mMsg .........: Unchanged Used Common Component
22-05-04 22:42:28 Standard-Module    mRunViaButton : Modified code exported
22-05-04 22:42:28 Workbook           wbRunViaButton: Modified code exported
22-05-04 22:42:28 Worksheet CodeName wsRunViaButton: Modified code exported
22-05-04 22:50:35 ========================================================
22-05-04 22:50:35 Export Changed (by CompMan.xlsb) for RunViaButton.xlsm: 
22-05-04 22:50:35 --------------------------------------------------------
22-05-04 22:50:36 UserForm           fMsg .........: Unchanged Used Common Component
22-05-04 22:50:36 UserForm           fRunViaButton : Modified code exported
22-05-04 22:50:36 Standard-Module    mCompManClient: Unchanged Used Common Component
22-05-04 22:50:36 Standard-Module    mMsg .........: Unchanged Used Common Component
22-05-04 22:50:36 Standard-Module    mRunViaButton : Modified code exported
22-05-04 22:50:36 Workbook           wbRunViaButton: Unchanged component
22-05-04 22:50:36 Worksheet CodeName wsRunViaButton: Unchanged component
22-05-04 22:51:49 ========================================================
22-05-04 22:51:49 Export Changed (by CompMan.xlsb) for RunViaButton.xlsm: 
22-05-04 22:51:49 --------------------------------------------------------
22-05-04 22:51:50 UserForm           fMsg .........: Unchanged Used Common Component
22-05-04 22:51:50 UserForm           fRunViaButton : Unchanged component
22-05-04 22:51:50 Standard-Module    mCompManClient: Unchanged Used Common Component
22-05-04 22:51:50 Standard-Module    mMsg .........: Unchanged Used Common Component
22-05-04 22:51:50 Standard-Module    mRunViaButton : Modified code exported
22-05-04 22:51:50 Workbook           wbRunViaButton: Unchanged component
22-05-04 22:51:50 Worksheet CodeName wsRunViaButton: Unchanged component
22-05-04 22:52:33 ========================================================
22-05-04 22:52:33 Export Changed (by CompMan.xlsb) for RunViaButton.xlsm: 
22-05-04 22:52:33 --------------------------------------------------------
22-05-04 22:52:33 UserForm           fMsg .........: Unchanged Used Common Component
22-05-04 22:52:33 UserForm           fRunViaButton : Unchanged component
22-05-04 22:52:33 Standard-Module    mCompManClient: Unchanged Used Common Component
22-05-04 22:52:34 Standard-Module    mMsg .........: Unchanged Used Common Component
22-05-04 22:52:34 Standard-Module    mRunViaButton : Modified code exported
22-05-04 22:52:34 Workbook           wbRunViaButton: Unchanged component
22-05-04 22:52:34 Worksheet CodeName wsRunViaButton: Unchanged component
22-05-04 22:53:13 ========================================================
22-05-04 22:53:13 Export Changed (by CompMan.xlsb) for RunViaButton.xlsm: 
22-05-04 22:53:13 --------------------------------------------------------
22-05-04 22:53:13 UserForm           fMsg .........: Unchanged Used Common Component
22-05-04 22:53:13 UserForm           fRunViaButton : Modified code exported
22-05-04 22:53:13 Standard-Module    mCompManClient: Unchanged Used Common Component
22-05-04 22:53:13 Standard-Module    mMsg .........: Unchanged Used Common Component
22-05-04 22:53:13 Standard-Module    mRunViaButton : Unchanged component
22-05-04 22:53:13 Workbook           wbRunViaButton: Unchanged component
22-05-04 22:53:13 Worksheet CodeName wsRunViaButton: Unchanged component
22-05-04 22:59:00 ========================================================
22-05-04 22:59:00 Export Changed (by CompMan.xlsb) for RunViaButton.xlsm: 
22-05-04 22:59:00 --------------------------------------------------------
22-05-04 22:59:00 UserForm           fMsg .........: Unchanged Used Common Component
22-05-04 22:59:00 UserForm           fRunViaButton : Unchanged component
22-05-04 22:59:00 Standard-Module    mCompManClient: Unchanged Used Common Component
22-05-04 22:59:00 Standard-Module    mMsg .........: Unchanged Used Common Component
22-05-04 22:59:00 Standard-Module    mRunViaButton : Modified code exported
22-05-04 22:59:00 Workbook           wbRunViaButton: Unchanged component
22-05-04 22:59:00 Worksheet CodeName wsRunViaButton: Unchanged component
22-05-04 23:01:50 ========================================================
22-05-04 23:01:50 Export Changed (by CompMan.xlsb) for RunViaButton.xlsm: 
22-05-04 23:01:50 --------------------------------------------------------
22-05-04 23:01:51 UserForm           fMsg .........: Unchanged Used Common Component
22-05-04 23:01:51 UserForm           fRunViaButton : Modified code exported
22-05-04 23:01:51 Standard-Module    mCompManClient: Unchanged Used Common Component
22-05-04 23:01:51 Standard-Module    mMsg .........: Unchanged Used Common Component
22-05-04 23:01:51 Standard-Module    mRunViaButton : Unchanged component
22-05-04 23:01:51 Workbook           wbRunViaButton: Unchanged component
22-05-04 23:01:51 Worksheet CodeName wsRunViaButton: Unchanged component
22-05-04 23:05:01 ========================================================
22-05-04 23:05:01 Export Changed (by CompMan.xlsb) for RunViaButton.xlsm: 
22-05-04 23:05:01 --------------------------------------------------------
22-05-04 23:05:01 UserForm           fMsg .........: Unchanged Used Common Component
22-05-04 23:05:01 UserForm           fRunViaButton : Unchanged component
22-05-04 23:05:01 Standard-Module    mCompManClient: Unchanged Used Common Component
22-05-04 23:05:01 Standard-Module    mMsg .........: Unchanged Used Common Component
22-05-04 23:05:01 Standard-Module    mRunViaButton : Modified code exported
22-05-04 23:05:01 Workbook           wbRunViaButton: Unchanged component
22-05-04 23:05:01 Worksheet CodeName wsRunViaButton: Unchanged component
22-05-04 23:07:44 ========================================================
22-05-04 23:07:44 Export Changed (by CompMan.xlsb) for RunViaButton.xlsm: 
22-05-04 23:07:44 --------------------------------------------------------
22-05-04 23:07:45 UserForm           fMsg .........: Unchanged Used Common Component
22-05-04 23:07:45 UserForm           fRunViaButton : Modified code exported
22-05-04 23:07:45 Standard-Module    mCompManClient: Unchanged Used Common Component
22-05-04 23:07:45 Standard-Module    mMsg .........: Unchanged Used Common Component
22-05-04 23:07:45 Standard-Module    mRunViaButton : Unchanged component
22-05-04 23:07:45 Workbook           wbRunViaButton: Unchanged component
22-05-04 23:07:45 Worksheet CodeName wsRunViaButton: Unchanged component
22-05-04 23:09:19 ========================================================
22-05-04 23:09:19 Export Changed (by CompMan.xlsb) for RunViaButton.xlsm: 
22-05-04 23:09:19 --------------------------------------------------------
22-05-04 23:09:19 UserForm           fMsg .........: Unchanged Used Common Component
22-05-04 23:09:19 UserForm           fRunViaButton : Unchanged component
22-05-04 23:09:19 Standard-Module    mCompManClient: Unchanged Used Common Component
22-05-04 23:09:19 Standard-Module    mMsg .........: Unchanged Used Common Component
22-05-04 23:09:19 Standard-Module    mRunViaButton : Modified code exported
22-05-04 23:09:19 Workbook           wbRunViaButton: Unchanged component
22-05-04 23:09:19 Worksheet CodeName wsRunViaButton: Unchanged component
22-05-04 23:13:50 ========================================================
22-05-04 23:13:50 Export Changed (by CompMan.xlsb) for RunViaButton.xlsm: 
22-05-04 23:13:50 --------------------------------------------------------
22-05-04 23:13:51 UserForm           fMsg .........: Unchanged Used Common Component
22-05-04 23:13:51 UserForm           fRunViaButton : Unchanged component
22-05-04 23:13:51 Standard-Module    mCompManClient: Unchanged Used Common Component
22-05-04 23:13:51 Standard-Module    mMsg .........: Unchanged Used Common Component
22-05-04 23:13:51 Standard-Module    mRunViaButton : Modified code exported
22-05-04 23:13:51 Workbook           wbRunViaButton: Unchanged component
22-05-04 23:13:51 Worksheet CodeName wsRunViaButton: Unchanged component
