24-11-27-17:31:36 -------------------- Export Changed Components (by CompMan.xlsb) for Msg.xlsb ---------------------
24-11-27-17:31:36 ---------------------------------------------------------------------------------------------------
24-11-27-17:31:36  Standard-Module  mObject..........:  Modified Common Component: Release registered pending        
24-11-27-17:31:36                   .................:  Serviced Common Component modified (code differs from public and LastModAt > LastmodAt public): Registered pending release 
24-11-27-17:31:36                   .................:  Serviced Common Component modified: Properties pending set equal serviced                                                  
24-11-27-17:31:37                   .................:  Serviced Common Component properties housekeeping:                                                                         
24-11-27-17:31:37                   .................:  Serviced Common Component's Export-File meets public: Properties set equal public                                          
24-11-27-17:31:38                   .................:  Modified Common Component: Release registered pending                                                                      
24-11-27-17:31:38                   .................:  Serviced Common Component modified: E x p o r t e d !                                                                      
24-11-27-17:31:38                   .................:  Serviced Common Component modified: Re-registered pending release                                                          
24-11-27-23:16:55 ===================================================================================================
24-11-27-23:16:55 -------------------- Export Changed Components (by CompMan.xlsb) for Msg.xlsb ---------------------
24-11-27-23:16:55 ---------------------------------------------------------------------------------------------------
24-11-27-23:16:55  Standard-Module  mObject..........:  Modified Common Component: Release registered pending        
24-11-27-23:16:55                   .................:  Serviced Common Component modified (code differs from public and LastModAt > LastmodAt public): Registered pending release 
24-11-27-23:16:55                   .................:  Serviced Common Component modified: Properties pending set equal serviced                                                  
24-11-27-23:16:56                   .................:  Serviced Common Component properties housekeeping:                                                                         
24-11-27-23:16:56                   .................:  Serviced Common Component's Export-File meets public: Properties set equal public                                          
24-11-27-23:16:57                   .................:  Modified Common Component: Release registered pending                                                                      
24-11-27-23:16:57                   .................:  Serviced Common Component modified: E x p o r t e d !                                                                      
24-11-27-23:16:57                   .................:  Serviced Common Component modified: Re-registered pending release                                                          
24-11-28-09:32:02 ===================================================================================================
24-11-28-09:32:02 -------------------- Export Changed Components (by CompMan.xlsb) for Msg.xlsb ---------------------
24-11-28-09:32:02 ---------------------------------------------------------------------------------------------------
24-11-28-09:32:02  UserForm         fMsg.............:  Modified Common Component: Release registered pending        
24-11-28-09:32:02                   .................:  Serviced Common Component modified (code differs from public and LastModAt > LastmodAt public): Registered pending release 
24-11-28-09:32:02                   .................:  Serviced Common Component modified: Properties pending set equal serviced                                                  
24-11-28-09:32:02  Standard-Module  mObject..........:  Modified Common Component: Release registered pending                                                                      
24-11-28-09:32:02                   .................:  Serviced Common Component modified (code differs from public and LastModAt > LastmodAt public): Registered pending release 
24-11-28-09:32:02                   .................:  Serviced Common Component modified: Properties pending set equal serviced                                                  
24-11-28-09:32:03  UserForm         fMsg.............:  Serviced Common Component properties housekeeping:                                                                         
24-11-28-09:32:03                   .................:  Serviced Common Component's Export-File meets public: Properties set equal public                                          
24-11-28-09:32:03  Standard-Module  mObject..........:  Serviced Common Component properties housekeeping:                                                                         
24-11-28-09:32:03                   .................:  Serviced Common Component's Export-File meets public: Properties set equal public                                          
24-11-28-09:32:04                   .................:  Modified Common Component: Release registered pending                                                                      
24-11-28-09:32:04                   .................:  Serviced Common Component modified: E x p o r t e d !                                                                      
24-11-28-09:32:04                   .................:  Serviced Common Component modified: Re-registered pending release                                                          
24-11-28-09:42:13 ===================================================================================================
24-11-28-09:42:13 -------------------- Export Changed Components (by CompMan.xlsb) for Msg.xlsb ---------------------
24-11-28-09:42:13 ---------------------------------------------------------------------------------------------------
24-11-28-09:42:13  Standard-Module  mMsg.............:  Modified Common Component: Release registered pending        
24-11-28-09:42:13                   .................:  Serviced Common Component modified: E x p o r t e d !        
24-11-28-09:42:13                   .................:  Serviced Common Component modified: Re-registered pending release 
24-11-28-09:51:31 ===================================================================================================
24-11-28-09:51:31 -------------------- Export Changed Components (by CompMan.xlsb) for Msg.xlsb ---------------------
24-11-28-09:51:31 ---------------------------------------------------------------------------------------------------
24-11-28-09:51:31  Standard-Module  mObject..........:  Modified Common Component: Release registered pending        
24-11-28-09:51:31                   .................:  Serviced Common Component modified (code differs from public and LastModAt > LastmodAt public): Registered pending release 
24-11-28-09:51:31                   .................:  Serviced Common Component modified: Properties pending set equal serviced                                                  
24-11-28-09:51:32                   .................:  Serviced Common Component properties housekeeping:                                                                         
24-11-28-09:51:32                   .................:  Serviced Common Component's Export-File meets public: Properties set equal public                                          
24-11-28-09:51:33                   .................:  Modified Common Component: Release registered pending                                                                      
24-11-28-09:51:33                   .................:  Serviced Common Component modified: E x p o r t e d !                                                                      
24-11-28-09:51:33                   .................:  Serviced Common Component modified: Re-registered pending release                                                          
